{"name": "test_search_for_gift", "status": "broken", "statusDetails": {"message": "selenium.common.exceptions.TimeoutException: Message: \nStacktrace:\n0   chromedriver                        0x00000001007dcae8 chromedriver + 4958952\n1   chromedriver                        0x00000001007d47b3 chromedriver + 4925363\n2   chromedriver                        0x00000001003961d6 chromedriver + 475606\n3   chromedriver                        0x00000001003d9a20 chromedriver + 752160\n4   chromedriver                        0x00000001003d9c81 chromedriver + 752769\n5   chromedriver                        0x000000010041df64 chromedriver + 1032036\n6   chromedriver                        0x00000001003ffc3d chromedriver + 908349\n7   chromedriver                        0x000000010041b25b chromedriver + 1020507\n8   chromedriver                        0x00000001003ff9e3 chromedriver + 907747\n9   chromedriver                        0x00000001003c9aef chromedriver + 686831\n10  chromedriver                        0x00000001003cb00e chromedriver + 692238\n11  chromedriver                        0x00000001007989ad chromedriver + 4680109\n12  chromedriver                        0x000000010079dc12 chromedriver + 4701202\n13  chromedriver                        0x00000001007a479f chromedriver + 4728735\n14  chromedriver                        0x000000010079eb7a chromedriver + 4705146\n15  chromedriver                        0x000000010077127e chromedriver + 4518526\n16  chromedriver                        0x00000001007be908 chromedriver + 4835592\n17  chromedriver                        0x00000001007bea87 chromedriver + 4835975\n18  chromedriver                        0x00000001007ce00f chromedriver + 4898831\n19  libsystem_pthread.dylib             0x00007ff8116fb1d3 _pthread_start + 125\n20  libsystem_pthread.dylib             0x00007ff8116f6bd3 thread_start + 15", "trace": "self = <tests.main_test_home.TestHome testMethod=test_search_for_gift>\n\n    def test_search_for_gift(self):\n        self.home_screen.goto_link(self.cfg['url']['buymehomepage'])\n>       self.home_screen.search_for_Gift()\n\ntests/main_test_home.py:25: \n_ _ _ _ _ _ _ _ _ _ _ _ _ _ _ _ _ _ _ _ _ _ _ _ _ _ _ _ _ _ _ _ _ _ _ _ _ _ _ _ _ _ _ _ _ _ _ _ _ _ _ _ _ _ _ _ _ _ _ _ _ _ _ _ _ _ _ _ _ _ _ _ _ _ _ _ _ _ \npages/home_screen.py:45: in search_for_Gift\n    BasePage.wait_and_click_on_element(self, Constants.drop_price)\npages/base_page.py:53: in wait_and_click_on_element\n    raise e\npages/base_page.py:48: in wait_and_click_on_element\n    self.wait.until(EC.presence_of_element_located(locator)).click()\n_ _ _ _ _ _ _ _ _ _ _ _ _ _ _ _ _ _ _ _ _ _ _ _ _ _ _ _ _ _ _ _ _ _ _ _ _ _ _ _ _ _ _ _ _ _ _ _ _ _ _ _ _ _ _ _ _ _ _ _ _ _ _ _ _ _ _ _ _ _ _ _ _ _ _ _ _ _ \n\nself = <selenium.webdriver.support.wait.WebDriverWait (session=\"5d1124e714b45eccfe9ed5a9e8c43091\")>\nmethod = <function presence_of_element_located.<locals>._predicate at 0x7fc3506c0940>, message = ''\n\n    def until(self, method, message: str = \"\"):\n        \"\"\"Calls the method provided with the driver as an argument until the \\\n        return value does not evaluate to ``False``.\n    \n        :param method: callable(WebDriver)\n        :param message: optional message for :exc:`TimeoutException`\n        :returns: the result of the last call to `method`\n        :raises: :exc:`selenium.common.exceptions.TimeoutException` if timeout occurs\n        \"\"\"\n        screen = None\n        stacktrace = None\n    \n        end_time = time.monotonic() + self._timeout\n        while True:\n            try:\n                value = method(self._driver)\n                if value:\n                    return value\n            except self._ignored_exceptions as exc:\n                screen = getattr(exc, \"screen\", None)\n                stacktrace = getattr(exc, \"stacktrace\", None)\n            time.sleep(self._poll)\n            if time.monotonic() > end_time:\n                break\n>       raise TimeoutException(message, screen, stacktrace)\nE       selenium.common.exceptions.TimeoutException: Message: \nE       Stacktrace:\nE       0   chromedriver                        0x00000001007dcae8 chromedriver + 4958952\nE       1   chromedriver                        0x00000001007d47b3 chromedriver + 4925363\nE       2   chromedriver                        0x00000001003961d6 chromedriver + 475606\nE       3   chromedriver                        0x00000001003d9a20 chromedriver + 752160\nE       4   chromedriver                        0x00000001003d9c81 chromedriver + 752769\nE       5   chromedriver                        0x000000010041df64 chromedriver + 1032036\nE       6   chromedriver                        0x00000001003ffc3d chromedriver + 908349\nE       7   chromedriver                        0x000000010041b25b chromedriver + 1020507\nE       8   chromedriver                        0x00000001003ff9e3 chromedriver + 907747\nE       9   chromedriver                        0x00000001003c9aef chromedriver + 686831\nE       10  chromedriver                        0x00000001003cb00e chromedriver + 692238\nE       11  chromedriver                        0x00000001007989ad chromedriver + 4680109\nE       12  chromedriver                        0x000000010079dc12 chromedriver + 4701202\nE       13  chromedriver                        0x00000001007a479f chromedriver + 4728735\nE       14  chromedriver                        0x000000010079eb7a chromedriver + 4705146\nE       15  chromedriver                        0x000000010077127e chromedriver + 4518526\nE       16  chromedriver                        0x00000001007be908 chromedriver + 4835592\nE       17  chromedriver                        0x00000001007bea87 chromedriver + 4835975\nE       18  chromedriver                        0x00000001007ce00f chromedriver + 4898831\nE       19  libsystem_pthread.dylib             0x00007ff8116fb1d3 _pthread_start + 125\nE       20  libsystem_pthread.dylib             0x00007ff8116f6bd3 thread_start + 15\n\n../../Library/Caches/pypoetry/virtualenvs/siwar-buyme-Vqth1sGJ-py3.8/lib/python3.8/site-packages/selenium/webdriver/support/wait.py:95: TimeoutException"}, "attachments": [{"name": "Screenshot", "source": "59763a30-efd0-4589-a046-5a1acd26c776-attachment.png", "type": "image/png"}, {"name": "Screenshot", "source": "1729c663-9ac3-4404-856f-94985ea8f1fd-attachment.png", "type": "image/png"}, {"name": "log", "source": "2c305685-63db-486f-961c-80566dbcbd7e-attachment.txt", "type": "text/plain"}], "start": 1681672392174, "stop": 1681672432943, "uuid": "320fbf4d-aa96-4868-9ce1-dd8ab27f62fd", "historyId": "0dd90f487139f2e5183c532b351a4ba1", "testCaseId": "31209fac53e1ef12fa88bb7c987e43ed", "fullName": "main.TestHome#test_search_for_gift", "labels": [{"name": "suite", "value": "main"}, {"name": "subSuite", "value": "TestHome"}, {"name": "host", "value": "Siwars-MacBook-Pro.local"}, {"name": "thread", "value": "58050-MainThread"}, {"name": "framework", "value": "pytest"}, {"name": "language", "value": "cpython3"}, {"name": "package", "value": "main"}]}