{"name": "test_search_for_gift", "status": "broken", "statusDetails": {"message": "selenium.common.exceptions.ElementClickInterceptedException: Message: element click intercepted: Element <span class=\"selected-text\" alt=\"...\" title=\"סכום\" andiallelmwithtext=\"14\" tuafontsizes=\"14\" tabindex=\"0\" role=\"combobox\" aria-expanded=\"false\" aria-haspopup=\"listbox\" aria-label=\"סכום\">סכום</span> is not clickable at point (1074, 490). Other element would receive the click: <img class=\"inner-element\" src=\"https://storage.googleapis.com/adoric-user-images/f62c5c8e-76ee-41e3-aa03-0ca599c9d336.gif\" style=\"width: 337px; height: 247px; -o-object-fit: cover; object-fit: cover; opacity: 1; -webkit-border-radius: 0px; -moz-border-radius: 0px; border-radius: 0px; -webkit-box-shadow: none; -moz-box-shadow: none; box-shadow: none; left: 0px; top: 0px; position: absolute; \" data-event-name=\"adoric_93c1_5e827becdc861\" data-width=\"337\" data-height=\"247\" data-event-value=\"0\" alt=\"undefined\" data-shadow-angle=\"null\" data-shadow-distance=\"null\" data-shadow=\"null\" data-src=\"https://storage.googleapis.com/adoric-user-images/228be735-dbf6-4eaa-ab12-aeeab713e9e8.gif\" data-alt=\"undefined\" data-left=\"0\" data-top=\"0\">\n  (Session info: chrome=112.0.5615.121)\nStacktrace:\n0   chromedriver                        0x00000001027dbae8 chromedriver + 4958952\n1   chromedriver                        0x00000001027d37b3 chromedriver + 4925363\n2   chromedriver                        0x00000001023951d6 chromedriver + 475606\n3   chromedriver                        0x00000001023e2321 chromedriver + 791329\n4   chromedriver                        0x00000001023df36e chromedriver + 779118\n5   chromedriver                        0x00000001023dbfd4 chromedriver + 765908\n6   chromedriver                        0x00000001023da9af chromedriver + 760239\n7   chromedriver                        0x00000001023cb283 chromedriver + 696963\n8   chromedriver                        0x00000001023fec12 chromedriver + 908306\n9   chromedriver                        0x00000001023ca8f1 chromedriver + 694513\n10  chromedriver                        0x00000001023fedce chromedriver + 908750\n11  chromedriver                        0x000000010241a25b chromedriver + 1020507\n12  chromedriver                        0x00000001023fe9e3 chromedriver + 907747\n13  chromedriver                        0x00000001023c8aef chromedriver + 686831\n14  chromedriver                        0x00000001023ca00e chromedriver + 692238\n15  chromedriver                        0x00000001027979ad chromedriver + 4680109\n16  chromedriver                        0x000000010279cc12 chromedriver + 4701202\n17  chromedriver                        0x00000001027a379f chromedriver + 4728735\n18  chromedriver                        0x000000010279db7a chromedriver + 4705146\n19  chromedriver                        0x000000010277027e chromedriver + 4518526\n20  chromedriver                        0x00000001027bd908 chromedriver + 4835592\n21  chromedriver                        0x00000001027bda87 chromedriver + 4835975\n22  chromedriver                        0x00000001027cd00f chromedriver + 4898831\n23  libsystem_pthread.dylib             0x00007ff8116fb1d3 _pthread_start + 125\n24  libsystem_pthread.dylib             0x00007ff8116f6bd3 thread_start + 15", "trace": "self = <tests.main_test_home.TestHome testMethod=test_search_for_gift>\n\n    def test_search_for_gift(self):\n        self.home_screen.goto_link(self.cfg['url']['buymehomepage'])\n>       self.home_screen.search_for_Gift()\n\ntests/main_test_home.py:25: \n_ _ _ _ _ _ _ _ _ _ _ _ _ _ _ _ _ _ _ _ _ _ _ _ _ _ _ _ _ _ _ _ _ _ _ _ _ _ _ _ _ _ _ _ _ _ _ _ _ _ _ _ _ _ _ _ _ _ _ _ _ _ _ _ _ _ _ _ _ _ _ _ _ _ _ _ _ _ \npages/home_screen.py:45: in search_for_Gift\n    BasePage.wait_and_click_on_element(self, Constants.drop_price)\npages/base_page.py:53: in wait_and_click_on_element\n    raise e\npages/base_page.py:48: in wait_and_click_on_element\n    self.wait.until(EC.presence_of_element_located(locator)).click()\n../../Library/Caches/pypoetry/virtualenvs/siwar-buyme-Vqth1sGJ-py3.8/lib/python3.8/site-packages/selenium/webdriver/remote/webelement.py:93: in click\n    self._execute(Command.CLICK_ELEMENT)\n../../Library/Caches/pypoetry/virtualenvs/siwar-buyme-Vqth1sGJ-py3.8/lib/python3.8/site-packages/selenium/webdriver/remote/webelement.py:410: in _execute\n    return self._parent.execute(command, params)\n../../Library/Caches/pypoetry/virtualenvs/siwar-buyme-Vqth1sGJ-py3.8/lib/python3.8/site-packages/selenium/webdriver/remote/webdriver.py:444: in execute\n    self.error_handler.check_response(response)\n_ _ _ _ _ _ _ _ _ _ _ _ _ _ _ _ _ _ _ _ _ _ _ _ _ _ _ _ _ _ _ _ _ _ _ _ _ _ _ _ _ _ _ _ _ _ _ _ _ _ _ _ _ _ _ _ _ _ _ _ _ _ _ _ _ _ _ _ _ _ _ _ _ _ _ _ _ _ \n\nself = <selenium.webdriver.remote.errorhandler.ErrorHandler object at 0x7fc350bd1370>\nresponse = {'status': 400, 'value': '{\"value\":{\"error\":\"element click intercepted\",\"message\":\"element click intercepted: Element ...ff8116fb1d3 _pthread_start + 125\\\\n24  libsystem_pthread.dylib             0x00007ff8116f6bd3 thread_start + 15\\\\n\"}}'}\n\n    def check_response(self, response: Dict[str, Any]) -> None:\n        \"\"\"\n        Checks that a JSON response from the WebDriver does not have an error.\n    \n        :Args:\n         - response - The JSON response from the WebDriver server as a dictionary\n           object.\n    \n        :Raises: If the response contains an error message.\n        \"\"\"\n        status = response.get(\"status\", None)\n        if not status or status == ErrorCode.SUCCESS:\n            return\n        value = None\n        message = response.get(\"message\", \"\")\n        screen: str = response.get(\"screen\", \"\")\n        stacktrace = None\n        if isinstance(status, int):\n            value_json = response.get(\"value\", None)\n            if value_json and isinstance(value_json, str):\n                import json\n    \n                try:\n                    value = json.loads(value_json)\n                    if len(value.keys()) == 1:\n                        value = value[\"value\"]\n                    status = value.get(\"error\", None)\n                    if not status:\n                        status = value.get(\"status\", ErrorCode.UNKNOWN_ERROR)\n                        message = value.get(\"value\") or value.get(\"message\")\n                        if not isinstance(message, str):\n                            value = message\n                            message = message.get(\"message\")\n                    else:\n                        message = value.get(\"message\", None)\n                except ValueError:\n                    pass\n    \n        exception_class: Type[WebDriverException]\n        if status in ErrorCode.NO_SUCH_ELEMENT:\n            exception_class = NoSuchElementException\n        elif status in ErrorCode.NO_SUCH_FRAME:\n            exception_class = NoSuchFrameException\n        elif status in ErrorCode.NO_SUCH_SHADOW_ROOT:\n            exception_class = NoSuchShadowRootException\n        elif status in ErrorCode.NO_SUCH_WINDOW:\n            exception_class = NoSuchWindowException\n        elif status in ErrorCode.STALE_ELEMENT_REFERENCE:\n            exception_class = StaleElementReferenceException\n        elif status in ErrorCode.ELEMENT_NOT_VISIBLE:\n            exception_class = ElementNotVisibleException\n        elif status in ErrorCode.INVALID_ELEMENT_STATE:\n            exception_class = InvalidElementStateException\n        elif (\n            status in ErrorCode.INVALID_SELECTOR\n            or status in ErrorCode.INVALID_XPATH_SELECTOR\n            or status in ErrorCode.INVALID_XPATH_SELECTOR_RETURN_TYPER\n        ):\n            exception_class = InvalidSelectorException\n        elif status in ErrorCode.ELEMENT_IS_NOT_SELECTABLE:\n            exception_class = ElementNotSelectableException\n        elif status in ErrorCode.ELEMENT_NOT_INTERACTABLE:\n            exception_class = ElementNotInteractableException\n        elif status in ErrorCode.INVALID_COOKIE_DOMAIN:\n            exception_class = InvalidCookieDomainException\n        elif status in ErrorCode.UNABLE_TO_SET_COOKIE:\n            exception_class = UnableToSetCookieException\n        elif status in ErrorCode.TIMEOUT:\n            exception_class = TimeoutException\n        elif status in ErrorCode.SCRIPT_TIMEOUT:\n            exception_class = TimeoutException\n        elif status in ErrorCode.UNKNOWN_ERROR:\n            exception_class = WebDriverException\n        elif status in ErrorCode.UNEXPECTED_ALERT_OPEN:\n            exception_class = UnexpectedAlertPresentException\n        elif status in ErrorCode.NO_ALERT_OPEN:\n            exception_class = NoAlertPresentException\n        elif status in ErrorCode.IME_NOT_AVAILABLE:\n            exception_class = ImeNotAvailableException\n        elif status in ErrorCode.IME_ENGINE_ACTIVATION_FAILED:\n            exception_class = ImeActivationFailedException\n        elif status in ErrorCode.MOVE_TARGET_OUT_OF_BOUNDS:\n            exception_class = MoveTargetOutOfBoundsException\n        elif status in ErrorCode.JAVASCRIPT_ERROR:\n            exception_class = JavascriptException\n        elif status in ErrorCode.SESSION_NOT_CREATED:\n            exception_class = SessionNotCreatedException\n        elif status in ErrorCode.INVALID_ARGUMENT:\n            exception_class = InvalidArgumentException\n        elif status in ErrorCode.NO_SUCH_COOKIE:\n            exception_class = NoSuchCookieException\n        elif status in ErrorCode.UNABLE_TO_CAPTURE_SCREEN:\n            exception_class = ScreenshotException\n        elif status in ErrorCode.ELEMENT_CLICK_INTERCEPTED:\n            exception_class = ElementClickInterceptedException\n        elif status in ErrorCode.INSECURE_CERTIFICATE:\n            exception_class = InsecureCertificateException\n        elif status in ErrorCode.INVALID_COORDINATES:\n            exception_class = InvalidCoordinatesException\n        elif status in ErrorCode.INVALID_SESSION_ID:\n            exception_class = InvalidSessionIdException\n        elif status in ErrorCode.UNKNOWN_METHOD:\n            exception_class = UnknownMethodException\n        else:\n            exception_class = WebDriverException\n        if not value:\n            value = response[\"value\"]\n        if isinstance(value, str):\n            raise exception_class(value)\n        if message == \"\" and \"message\" in value:\n            message = value[\"message\"]\n    \n        screen = None  # type: ignore[assignment]\n        if \"screen\" in value:\n            screen = value[\"screen\"]\n    \n        stacktrace = None\n        st_value = value.get(\"stackTrace\") or value.get(\"stacktrace\")\n        if st_value:\n            if isinstance(st_value, str):\n                stacktrace = st_value.split(\"\\n\")\n            else:\n                stacktrace = []\n                try:\n                    for frame in st_value:\n                        line = frame.get(\"lineNumber\", \"\")\n                        file = frame.get(\"fileName\", \"<anonymous>\")\n                        if line:\n                            file = f\"{file}:{line}\"\n                        meth = frame.get(\"methodName\", \"<anonymous>\")\n                        if \"className\" in frame:\n                            meth = \"{}.{}\".format(frame[\"className\"], meth)\n                        msg = \"    at %s (%s)\"\n                        msg = msg % (meth, file)\n                        stacktrace.append(msg)\n                except TypeError:\n                    pass\n        if exception_class == UnexpectedAlertPresentException:\n            alert_text = None\n            if \"data\" in value:\n                alert_text = value[\"data\"].get(\"text\")\n            elif \"alert\" in value:\n                alert_text = value[\"alert\"].get(\"text\")\n            raise exception_class(message, screen, stacktrace, alert_text)  # type: ignore[call-arg]  # mypy is not smart enough here\n>       raise exception_class(message, screen, stacktrace)\nE       selenium.common.exceptions.ElementClickInterceptedException: Message: element click intercepted: Element <span class=\"selected-text\" alt=\"...\" title=\"סכום\" andiallelmwithtext=\"14\" tuafontsizes=\"14\" tabindex=\"0\" role=\"combobox\" aria-expanded=\"false\" aria-haspopup=\"listbox\" aria-label=\"סכום\">סכום</span> is not clickable at point (1074, 490). Other element would receive the click: <img class=\"inner-element\" src=\"https://storage.googleapis.com/adoric-user-images/f62c5c8e-76ee-41e3-aa03-0ca599c9d336.gif\" style=\"width: 337px; height: 247px; -o-object-fit: cover; object-fit: cover; opacity: 1; -webkit-border-radius: 0px; -moz-border-radius: 0px; border-radius: 0px; -webkit-box-shadow: none; -moz-box-shadow: none; box-shadow: none; left: 0px; top: 0px; position: absolute; \" data-event-name=\"adoric_93c1_5e827becdc861\" data-width=\"337\" data-height=\"247\" data-event-value=\"0\" alt=\"undefined\" data-shadow-angle=\"null\" data-shadow-distance=\"null\" data-shadow=\"null\" data-src=\"https://storage.googleapis.com/adoric-user-images/228be735-dbf6-4eaa-ab12-aeeab713e9e8.gif\" data-alt=\"undefined\" data-left=\"0\" data-top=\"0\">\nE         (Session info: chrome=112.0.5615.121)\nE       Stacktrace:\nE       0   chromedriver                        0x00000001027dbae8 chromedriver + 4958952\nE       1   chromedriver                        0x00000001027d37b3 chromedriver + 4925363\nE       2   chromedriver                        0x00000001023951d6 chromedriver + 475606\nE       3   chromedriver                        0x00000001023e2321 chromedriver + 791329\nE       4   chromedriver                        0x00000001023df36e chromedriver + 779118\nE       5   chromedriver                        0x00000001023dbfd4 chromedriver + 765908\nE       6   chromedriver                        0x00000001023da9af chromedriver + 760239\nE       7   chromedriver                        0x00000001023cb283 chromedriver + 696963\nE       8   chromedriver                        0x00000001023fec12 chromedriver + 908306\nE       9   chromedriver                        0x00000001023ca8f1 chromedriver + 694513\nE       10  chromedriver                        0x00000001023fedce chromedriver + 908750\nE       11  chromedriver                        0x000000010241a25b chromedriver + 1020507\nE       12  chromedriver                        0x00000001023fe9e3 chromedriver + 907747\nE       13  chromedriver                        0x00000001023c8aef chromedriver + 686831\nE       14  chromedriver                        0x00000001023ca00e chromedriver + 692238\nE       15  chromedriver                        0x00000001027979ad chromedriver + 4680109\nE       16  chromedriver                        0x000000010279cc12 chromedriver + 4701202\nE       17  chromedriver                        0x00000001027a379f chromedriver + 4728735\nE       18  chromedriver                        0x000000010279db7a chromedriver + 4705146\nE       19  chromedriver                        0x000000010277027e chromedriver + 4518526\nE       20  chromedriver                        0x00000001027bd908 chromedriver + 4835592\nE       21  chromedriver                        0x00000001027bda87 chromedriver + 4835975\nE       22  chromedriver                        0x00000001027cd00f chromedriver + 4898831\nE       23  libsystem_pthread.dylib             0x00007ff8116fb1d3 _pthread_start + 125\nE       24  libsystem_pthread.dylib             0x00007ff8116f6bd3 thread_start + 15\n\n../../Library/Caches/pypoetry/virtualenvs/siwar-buyme-Vqth1sGJ-py3.8/lib/python3.8/site-packages/selenium/webdriver/remote/errorhandler.py:249: ElementClickInterceptedException"}, "attachments": [{"name": "Screenshot", "source": "ab1b289b-428d-4bab-9a53-2c6571fb38ce-attachment.png", "type": "image/png"}, {"name": "Screenshot", "source": "32af338b-0075-4ef0-813c-233cb98f73ec-attachment.png", "type": "image/png"}, {"name": "log", "source": "43f06832-55fe-4792-9ab5-6f4bfb8e4a79-attachment.txt", "type": "text/plain"}], "start": 1681672451049, "stop": 1681672493623, "uuid": "d5eeb1d1-b9d4-435d-acf9-a123d9f48fa5", "historyId": "e06f6f71664ef21f6e911e3154ddae01", "testCaseId": "dd6541bf53dfedca2cfdb269f35a7554", "fullName": "main.test_classes#test_search_for_gift", "labels": [{"name": "suite", "value": "main"}, {"name": "subSuite", "value": "test_classes"}, {"name": "host", "value": "Siwars-MacBook-Pro.local"}, {"name": "thread", "value": "58050-MainThread"}, {"name": "framework", "value": "pytest"}, {"name": "language", "value": "cpython3"}, {"name": "package", "value": "main"}]}