{"name": "test_Once_logged_in", "status": "broken", "statusDetails": {"message": "selenium.common.exceptions.TimeoutException: Message: \nStacktrace:\n0   chromedriver                        0x000000010105aae8 chromedriver + 4958952\n1   chromedriver                        0x00000001010527b3 chromedriver + 4925363\n2   chromedriver                        0x0000000100c141d6 chromedriver + 475606\n3   chromedriver                        0x0000000100c57a20 chromedriver + 752160\n4   chromedriver                        0x0000000100c57c81 chromedriver + 752769\n5   chromedriver                        0x0000000100c9bf64 chromedriver + 1032036\n6   chromedriver                        0x0000000100c7dc3d chromedriver + 908349\n7   chromedriver                        0x0000000100c9925b chromedriver + 1020507\n8   chromedriver                        0x0000000100c7d9e3 chromedriver + 907747\n9   chromedriver                        0x0000000100c47aef chromedriver + 686831\n10  chromedriver                        0x0000000100c4900e chromedriver + 692238\n11  chromedriver                        0x00000001010169ad chromedriver + 4680109\n12  chromedriver                        0x000000010101bc12 chromedriver + 4701202\n13  chromedriver                        0x000000010102279f chromedriver + 4728735\n14  chromedriver                        0x000000010101cb7a chromedriver + 4705146\n15  chromedriver                        0x0000000100fef27e chromedriver + 4518526\n16  chromedriver                        0x000000010103c908 chromedriver + 4835592\n17  chromedriver                        0x000000010103ca87 chromedriver + 4835975\n18  chromedriver                        0x000000010104c00f chromedriver + 4898831\n19  libsystem_pthread.dylib             0x00007ff8116fb1d3 _pthread_start + 125\n20  libsystem_pthread.dylib             0x00007ff8116f6bd3 thread_start + 15", "trace": "self = <tests.main_test_home.TestHome testMethod=test_Once_logged_in>\n\n    def test_Once_logged_in(self):\n        self.home_screen.goto_link(self.cfg['url']['buymehomepage'])\n        self.home_screen.click_on_login_button()\n>       self.home_screen.login_valid_credentials()\n\ntests/main_test_home.py:21: \n_ _ _ _ _ _ _ _ _ _ _ _ _ _ _ _ _ _ _ _ _ _ _ _ _ _ _ _ _ _ _ _ _ _ _ _ _ _ _ _ _ _ _ _ _ _ _ _ _ _ _ _ _ _ _ _ _ _ _ _ _ _ _ _ _ _ _ _ _ _ _ _ _ _ _ _ _ _ \npages/home_screen.py:40: in login_valid_credentials\n    BasePage.wait_and_enter_text(self, Constants.login_email, \"siwarkhateeb215@gmail.com\")\npages/base_page.py:74: in wait_and_enter_text\n    raise e\npages/base_page.py:69: in wait_and_enter_text\n    self.wait.until(EC.presence_of_element_located(locator)).send_keys(text)\n_ _ _ _ _ _ _ _ _ _ _ _ _ _ _ _ _ _ _ _ _ _ _ _ _ _ _ _ _ _ _ _ _ _ _ _ _ _ _ _ _ _ _ _ _ _ _ _ _ _ _ _ _ _ _ _ _ _ _ _ _ _ _ _ _ _ _ _ _ _ _ _ _ _ _ _ _ _ \n\nself = <selenium.webdriver.support.wait.WebDriverWait (session=\"05d32a77cb91d5c7f4092aabcee9dec0\")>\nmethod = <function presence_of_element_located.<locals>._predicate at 0x7fc3506b0a60>, message = ''\n\n    def until(self, method, message: str = \"\"):\n        \"\"\"Calls the method provided with the driver as an argument until the \\\n        return value does not evaluate to ``False``.\n    \n        :param method: callable(WebDriver)\n        :param message: optional message for :exc:`TimeoutException`\n        :returns: the result of the last call to `method`\n        :raises: :exc:`selenium.common.exceptions.TimeoutException` if timeout occurs\n        \"\"\"\n        screen = None\n        stacktrace = None\n    \n        end_time = time.monotonic() + self._timeout\n        while True:\n            try:\n                value = method(self._driver)\n                if value:\n                    return value\n            except self._ignored_exceptions as exc:\n                screen = getattr(exc, \"screen\", None)\n                stacktrace = getattr(exc, \"stacktrace\", None)\n            time.sleep(self._poll)\n            if time.monotonic() > end_time:\n                break\n>       raise TimeoutException(message, screen, stacktrace)\nE       selenium.common.exceptions.TimeoutException: Message: \nE       Stacktrace:\nE       0   chromedriver                        0x000000010105aae8 chromedriver + 4958952\nE       1   chromedriver                        0x00000001010527b3 chromedriver + 4925363\nE       2   chromedriver                        0x0000000100c141d6 chromedriver + 475606\nE       3   chromedriver                        0x0000000100c57a20 chromedriver + 752160\nE       4   chromedriver                        0x0000000100c57c81 chromedriver + 752769\nE       5   chromedriver                        0x0000000100c9bf64 chromedriver + 1032036\nE       6   chromedriver                        0x0000000100c7dc3d chromedriver + 908349\nE       7   chromedriver                        0x0000000100c9925b chromedriver + 1020507\nE       8   chromedriver                        0x0000000100c7d9e3 chromedriver + 907747\nE       9   chromedriver                        0x0000000100c47aef chromedriver + 686831\nE       10  chromedriver                        0x0000000100c4900e chromedriver + 692238\nE       11  chromedriver                        0x00000001010169ad chromedriver + 4680109\nE       12  chromedriver                        0x000000010101bc12 chromedriver + 4701202\nE       13  chromedriver                        0x000000010102279f chromedriver + 4728735\nE       14  chromedriver                        0x000000010101cb7a chromedriver + 4705146\nE       15  chromedriver                        0x0000000100fef27e chromedriver + 4518526\nE       16  chromedriver                        0x000000010103c908 chromedriver + 4835592\nE       17  chromedriver                        0x000000010103ca87 chromedriver + 4835975\nE       18  chromedriver                        0x000000010104c00f chromedriver + 4898831\nE       19  libsystem_pthread.dylib             0x00007ff8116fb1d3 _pthread_start + 125\nE       20  libsystem_pthread.dylib             0x00007ff8116f6bd3 thread_start + 15\n\n../../Library/Caches/pypoetry/virtualenvs/siwar-buyme-Vqth1sGJ-py3.8/lib/python3.8/site-packages/selenium/webdriver/support/wait.py:95: TimeoutException"}, "attachments": [{"name": "Screenshot", "source": "fb953198-1848-43b5-9dc9-26f5d9a9868f-attachment.png", "type": "image/png"}, {"name": "Screenshot", "source": "ce6b343a-49b2-4ae8-be13-cfb95da39c82-attachment.png", "type": "image/png"}, {"name": "log", "source": "b4a711e3-eb3a-454a-963d-08e0af4bd508-attachment.txt", "type": "text/plain"}], "start": 1681672339109, "stop": 1681672392138, "uuid": "0f190ba0-dbb1-4903-988e-df6038036109", "historyId": "f652da2ff8fd24b52e6a085e67e6276f", "testCaseId": "16a8fd6c06b249642ccc8cdb1d99606f", "fullName": "main.TestHome#test_Once_logged_in", "labels": [{"name": "suite", "value": "main"}, {"name": "subSuite", "value": "TestHome"}, {"name": "host", "value": "Siwars-MacBook-Pro.local"}, {"name": "thread", "value": "58050-MainThread"}, {"name": "framework", "value": "pytest"}, {"name": "language", "value": "cpython3"}, {"name": "package", "value": "main"}]}