{"name": "test_Once_logged_in", "status": "broken", "statusDetails": {"message": "selenium.common.exceptions.TimeoutException: Message: \nStacktrace:\n0   chromedriver                        0x0000000104c3aae8 chromedriver + 4958952\n1   chromedriver                        0x0000000104c327b3 chromedriver + 4925363\n2   chromedriver                        0x00000001047f41d6 chromedriver + 475606\n3   chromedriver                        0x0000000104837a20 chromedriver + 752160\n4   chromedriver                        0x0000000104837c81 chromedriver + 752769\n5   chromedriver                        0x000000010487bf64 chromedriver + 1032036\n6   chromedriver                        0x000000010485dc3d chromedriver + 908349\n7   chromedriver                        0x000000010487925b chromedriver + 1020507\n8   chromedriver                        0x000000010485d9e3 chromedriver + 907747\n9   chromedriver                        0x0000000104827aef chromedriver + 686831\n10  chromedriver                        0x000000010482900e chromedriver + 692238\n11  chromedriver                        0x0000000104bf69ad chromedriver + 4680109\n12  chromedriver                        0x0000000104bfbc12 chromedriver + 4701202\n13  chromedriver                        0x0000000104c0279f chromedriver + 4728735\n14  chromedriver                        0x0000000104bfcb7a chromedriver + 4705146\n15  chromedriver                        0x0000000104bcf27e chromedriver + 4518526\n16  chromedriver                        0x0000000104c1c908 chromedriver + 4835592\n17  chromedriver                        0x0000000104c1ca87 chromedriver + 4835975\n18  chromedriver                        0x0000000104c2c00f chromedriver + 4898831\n19  libsystem_pthread.dylib             0x00007ff8116fb1d3 _pthread_start + 125\n20  libsystem_pthread.dylib             0x00007ff8116f6bd3 thread_start + 15", "trace": "self = <tests.main_test_home.TestHome testMethod=test_Once_logged_in>\n\n    def test_Once_logged_in(self):\n        self.home_screen.goto_link(self.cfg['url']['buymehomepage'])\n>       self.home_screen.click_on_login_button()\n\ntests/main_test_home.py:20: \n_ _ _ _ _ _ _ _ _ _ _ _ _ _ _ _ _ _ _ _ _ _ _ _ _ _ _ _ _ _ _ _ _ _ _ _ _ _ _ _ _ _ _ _ _ _ _ _ _ _ _ _ _ _ _ _ _ _ _ _ _ _ _ _ _ _ _ _ _ _ _ _ _ _ _ _ _ _ \npages/home_screen.py:37: in click_on_login_button\n    BasePage.wait_and_click_on_element(self, Constants.login_register)\npages/base_page.py:53: in wait_and_click_on_element\n    raise e\npages/base_page.py:48: in wait_and_click_on_element\n    self.wait.until(EC.presence_of_element_located(locator)).click()\n_ _ _ _ _ _ _ _ _ _ _ _ _ _ _ _ _ _ _ _ _ _ _ _ _ _ _ _ _ _ _ _ _ _ _ _ _ _ _ _ _ _ _ _ _ _ _ _ _ _ _ _ _ _ _ _ _ _ _ _ _ _ _ _ _ _ _ _ _ _ _ _ _ _ _ _ _ _ \n\nself = <selenium.webdriver.support.wait.WebDriverWait (session=\"4a9dc710cc70ada97bc512e4a4505d71\")>\nmethod = <function presence_of_element_located.<locals>._predicate at 0x7fc350beb5e0>, message = ''\n\n    def until(self, method, message: str = \"\"):\n        \"\"\"Calls the method provided with the driver as an argument until the \\\n        return value does not evaluate to ``False``.\n    \n        :param method: callable(WebDriver)\n        :param message: optional message for :exc:`TimeoutException`\n        :returns: the result of the last call to `method`\n        :raises: :exc:`selenium.common.exceptions.TimeoutException` if timeout occurs\n        \"\"\"\n        screen = None\n        stacktrace = None\n    \n        end_time = time.monotonic() + self._timeout\n        while True:\n            try:\n                value = method(self._driver)\n                if value:\n                    return value\n            except self._ignored_exceptions as exc:\n                screen = getattr(exc, \"screen\", None)\n                stacktrace = getattr(exc, \"stacktrace\", None)\n            time.sleep(self._poll)\n            if time.monotonic() > end_time:\n                break\n>       raise TimeoutException(message, screen, stacktrace)\nE       selenium.common.exceptions.TimeoutException: Message: \nE       Stacktrace:\nE       0   chromedriver                        0x0000000104c3aae8 chromedriver + 4958952\nE       1   chromedriver                        0x0000000104c327b3 chromedriver + 4925363\nE       2   chromedriver                        0x00000001047f41d6 chromedriver + 475606\nE       3   chromedriver                        0x0000000104837a20 chromedriver + 752160\nE       4   chromedriver                        0x0000000104837c81 chromedriver + 752769\nE       5   chromedriver                        0x000000010487bf64 chromedriver + 1032036\nE       6   chromedriver                        0x000000010485dc3d chromedriver + 908349\nE       7   chromedriver                        0x000000010487925b chromedriver + 1020507\nE       8   chromedriver                        0x000000010485d9e3 chromedriver + 907747\nE       9   chromedriver                        0x0000000104827aef chromedriver + 686831\nE       10  chromedriver                        0x000000010482900e chromedriver + 692238\nE       11  chromedriver                        0x0000000104bf69ad chromedriver + 4680109\nE       12  chromedriver                        0x0000000104bfbc12 chromedriver + 4701202\nE       13  chromedriver                        0x0000000104c0279f chromedriver + 4728735\nE       14  chromedriver                        0x0000000104bfcb7a chromedriver + 4705146\nE       15  chromedriver                        0x0000000104bcf27e chromedriver + 4518526\nE       16  chromedriver                        0x0000000104c1c908 chromedriver + 4835592\nE       17  chromedriver                        0x0000000104c1ca87 chromedriver + 4835975\nE       18  chromedriver                        0x0000000104c2c00f chromedriver + 4898831\nE       19  libsystem_pthread.dylib             0x00007ff8116fb1d3 _pthread_start + 125\nE       20  libsystem_pthread.dylib             0x00007ff8116f6bd3 thread_start + 15\n\n../../Library/Caches/pypoetry/virtualenvs/siwar-buyme-Vqth1sGJ-py3.8/lib/python3.8/site-packages/selenium/webdriver/support/wait.py:95: TimeoutException"}, "attachments": [{"name": "Screenshot", "source": "8be661c7-dcc5-4d82-b196-26c5ae61fd41-attachment.png", "type": "image/png"}, {"name": "Screenshot", "source": "a6eef598-90b5-4266-a08b-143a2180e316-attachment.png", "type": "image/png"}, {"name": "log", "source": "2d02d9d8-1b73-49ad-a711-62b00eb4c0f1-attachment.txt", "type": "text/plain"}], "start": 1681672432964, "stop": 1681672451038, "uuid": "f4eab10d-9702-4842-97e0-34f2f724044c", "historyId": "9f22f731e1011e438eca85065bf12129", "testCaseId": "e21070a7d8d888bbf399c986e7d2e9de", "fullName": "main.test_classes#test_Once_logged_in", "labels": [{"name": "suite", "value": "main"}, {"name": "subSuite", "value": "test_classes"}, {"name": "host", "value": "Siwars-MacBook-Pro.local"}, {"name": "thread", "value": "58050-MainThread"}, {"name": "framework", "value": "pytest"}, {"name": "language", "value": "cpython3"}, {"name": "package", "value": "main"}]}